2019/06/18 14:17:51 ------------- START -------------
2019/06/18 14:17:51 CPU: 5.75
2019/06/18 14:17:51 VMemory: 54.65044975280762
2019/06/18 14:17:51 SMemory: 6.298828125
2019/06/18 14:17:51 Load: 1.583984375
2019/06/18 14:17:51 ------------- END -------------

2019/06/18 14:17:53 ------------- START -------------
2019/06/18 14:17:53 CPU: 0.9987515605493134
2019/06/18 14:17:53 VMemory: 54.65207099914551
2019/06/18 14:17:53 SMemory: 6.298828125
2019/06/18 14:17:53 Load: 1.5859375
2019/06/18 14:17:53 ------------- END -------------

2019/06/18 14:17:55 ------------- START -------------
2019/06/18 14:17:55 CPU: 4.42643391521197
2019/06/18 14:17:55 VMemory: 54.656147956848145
2019/06/18 14:17:55 SMemory: 6.298828125
2019/06/18 14:17:55 Load: 1.5859375
2019/06/18 14:17:55 ------------- END -------------

2019/06/18 14:17:57 ------------- START -------------
2019/06/18 14:17:57 CPU: 23.54778263585259
2019/06/18 14:17:57 VMemory: 55.0081729888916
2019/06/18 14:17:57 SMemory: 6.298828125
2019/06/18 14:17:57 Load: 1.5859375
2019/06/18 14:17:57 ------------- END -------------

2019/06/18 14:17:59 ------------- START -------------
2019/06/18 14:17:59 CPU: 3.8557213930348255
2019/06/18 14:17:59 VMemory: 55.02026081085205
2019/06/18 14:17:59 SMemory: 6.298828125
2019/06/18 14:17:59 Load: 1.587890625
2019/06/18 14:17:59 ------------- END -------------

2019/06/18 14:18:01 ------------- START -------------
2019/06/18 14:18:01 CPU: 2.9356652092442226
2019/06/18 14:18:01 VMemory: 54.96315956115723
2019/06/18 14:18:01 SMemory: 6.298828125
2019/06/18 14:18:01 Load: 1.587890625
2019/06/18 14:18:01 ------------- END -------------

2019/06/18 14:18:03 ------------- START -------------
2019/06/18 14:18:03 CPU: 1.6853932584269662
2019/06/18 14:18:03 VMemory: 54.95870113372803
2019/06/18 14:18:03 SMemory: 6.298828125
2019/06/18 14:18:03 Load: 1.583984375
2019/06/18 14:18:03 ------------- END -------------

2019/06/18 14:18:05 ------------- START -------------
2019/06/18 14:18:05 CPU: 2.12367270455965
2019/06/18 14:18:05 VMemory: 54.95483875274658
2019/06/18 14:18:05 SMemory: 6.298828125
2019/06/18 14:18:05 Load: 1.583984375
2019/06/18 14:18:05 ------------- END -------------

2019/06/18 14:18:07 ------------- START -------------
2019/06/18 14:18:07 CPU: 1.8068535825545171
2019/06/18 14:18:07 VMemory: 55.01909255981445
2019/06/18 14:18:07 SMemory: 6.298828125
2019/06/18 14:18:07 Load: 1.583984375
2019/06/18 14:18:07 ------------- END -------------

2019/06/18 14:18:09 ------------- START -------------
2019/06/18 14:18:09 CPU: 2.30817217716781
2019/06/18 14:18:09 VMemory: 55.05259037017822
2019/06/18 14:18:09 SMemory: 6.298828125
2019/06/18 14:18:09 Load: 1.580078125
2019/06/18 14:18:09 ------------- END -------------

2019/06/18 14:18:11 ------------- START -------------
2019/06/18 14:18:11 CPU: 6.125
2019/06/18 14:18:11 VMemory: 54.985737800598145
2019/06/18 14:18:11 SMemory: 6.298828125
2019/06/18 14:18:11 Load: 1.580078125
2019/06/18 14:18:11 ------------- END -------------

